2023-02-17 11:09:19,299 - INFO - 
Config:
'add_train': False
'batch_size': 16
'cudadevice': 'cuda:1'
'cur_time': '2023_02_17_11_09_18'
'data_selected': ['A1']
'do_figure_save': True
'do_log_print_to_screen': True
'do_log_save_to_file': True
'do_predict': False
'do_predict_roll': False
'do_train': True
'do_train_visualized': False
'dropout_rate': 0.2
'dynamic_data_root': 'input/csv/dynamic'
'dynamic_length': 2
'embedding_size': 256
'epoch': 100
'feature_columns': [0, 1, 3]
'figure_save_path': 'result/figure/'
'hidden_size': 256
'humansize': 9
'input_size': 3
'label_columns': [3]
'label_in_feature_index': [2]
'learning_rate': 5e-05
'log_save_path': 'result/logs/2023_02_17_11_09_18_pytorch/'
'lstm_layers': 2
'model_name': '.pth'
'model_postfix': {'pytorch': '.pth'}
'model_save_path': 'result/model/'
'name': 'A1_No_Attention_hc_False_changeDe_RMLSE16_concat_only53'
'naturesize': 4
'only_dynamic': 0
'only_static_concat_dynamic': 1
'only_static_plus_dynamic': 0
'output_size': 1
'patience': 5
'predict_day': 3
'random_seed': 42
'roll_predict_day': 125
'shuffle_train_data': False
'static_data_path': 'input/csv/static/All_static.csv'
'static_human_column': [4, 5, 6, 7, 8, 9, 10, 11, 12]
'static_nature_column': [0, 1, 2, 3]
'time_step': 5
'train_data_rate': 0.95
'train_name': 'A1'
'traindata': 'traindata'
'ttotrain': 1
'use_attention': False
'use_cuda': True
'use_static_embedding': False
'used_frame': 'pytorch'
'val_name': 'C1'
'valid_data_rate': 0.15
2023-02-17 11:09:21,888 - INFO - Epoch 0/100
2023-02-17 11:09:24,868 - INFO - The train loss is 0.820618. The valid loss is 1.037403.
2023-02-17 11:09:24,918 - INFO - Epoch 1/100
2023-02-17 11:09:25,424 - INFO - The train loss is 0.567630. The valid loss is 0.553770.
2023-02-17 11:09:25,441 - INFO - Epoch 2/100
2023-02-17 11:09:25,949 - INFO - The train loss is 0.582782. The valid loss is 1.080418.
2023-02-17 11:09:25,949 - INFO - Epoch 3/100
2023-02-17 11:09:26,453 - INFO - The train loss is 0.663570. The valid loss is 0.622015.
2023-02-17 11:09:26,453 - INFO - Epoch 4/100
2023-02-17 11:09:26,948 - INFO - The train loss is 0.525804. The valid loss is 0.624363.
2023-02-17 11:09:26,948 - INFO - Epoch 5/100
2023-02-17 11:09:27,452 - INFO - The train loss is 0.450778. The valid loss is 0.566004.
2023-02-17 11:09:27,452 - INFO - Epoch 6/100
2023-02-17 11:09:27,943 - INFO - The train loss is 0.411739. The valid loss is 0.555982.
2023-02-17 11:09:27,943 - INFO -  The training stops early in epoch 6
