2023-02-25 17:17:48,359 - INFO - 
Config:
'add_train': False
'batch_size': 16
'cudadevice': 'cuda:1'
'cur_time': '2023_02_25_17_17_47'
'data_selected': ['A1'
'C1']
'do_figure_save': True
'do_log_print_to_screen': True
'do_log_save_to_file': True
'do_predict': False
'do_predict_roll': False
'do_train': True
'do_train_visualized': False
'dropout_rate': 0.2
'dynamic_data_root': 'input/csv/dynamic'
'dynamic_length': 2
'embedding_size': 256
'epoch': 100
'feature_columns': [0, 1, 3]
'figure_save_path': 'result/figure/'
'hidden_size': 256
'humansize': 9
'input_size': 3
'label_columns': [3]
'label_in_feature_index': [2]
'learning_rate': 5e-05
'log_save_path': 'result/logs/2023_02_25_17_17_47_pytorch/'
'lstm_layers': 2
'model_name': '.pth'
'model_postfix': {'pytorch': '.pth'}
'model_save_path': 'result/model/'
'name': 'A1,C1_Attention_hc_True_RMLSE_learnWeight16_ds_fusion53'
'naturesize': 4
'only_dynamic': 0
'only_static_concat_dynamic': 0
'only_static_plus_dynamic': 0
'output_size': 1
'patience': 10
'predict_day': 3
'random_seed': 42
'roll_predict_day': 125
'shuffle_train_data': False
'static_data_path': 'input/csv/static/All_static.csv'
'static_human_column': [4, 5, 6, 7, 8, 9, 10, 11, 12]
'static_nature_column': [0, 1, 2, 3]
'time_step': 5
'train_data_rate': 0.95
'train_name': 'A1,C1'
'traindata': 'traindata'
'ttotrain': 1
'use_attention': True
'use_cuda': True
'use_static_embedding': True
'used_frame': 'pytorch'
'val_name': 'C1'
'valid_data_rate': 0.15
2023-02-25 17:17:51,096 - INFO - Epoch 0/100
2023-02-25 17:18:00,309 - INFO - The train loss is 0.631685. The valid loss is 0.559558.
2023-02-25 17:18:00,330 - INFO - Epoch 1/100
2023-02-25 17:18:07,007 - INFO - The train loss is 0.286925. The valid loss is 0.309055.
2023-02-25 17:18:07,030 - INFO - Epoch 2/100
2023-02-25 17:18:13,708 - INFO - The train loss is 0.235139. The valid loss is 0.204074.
2023-02-25 17:18:13,732 - INFO - Epoch 3/100
2023-02-25 17:18:20,402 - INFO - The train loss is 0.189282. The valid loss is 0.142368.
2023-02-25 17:18:20,425 - INFO - Epoch 4/100
2023-02-25 17:18:27,106 - INFO - The train loss is 0.161090. The valid loss is 0.148281.
2023-02-25 17:18:27,106 - INFO - Epoch 5/100
2023-02-25 17:18:33,783 - INFO - The train loss is 0.143552. The valid loss is 0.121866.
2023-02-25 17:18:33,807 - INFO - Epoch 6/100
2023-02-25 17:18:40,478 - INFO - The train loss is 0.135641. The valid loss is 0.140919.
2023-02-25 17:18:40,478 - INFO - Epoch 7/100
2023-02-25 17:18:47,159 - INFO - The train loss is 0.133157. The valid loss is 0.109103.
2023-02-25 17:18:47,183 - INFO - Epoch 8/100
2023-02-25 17:18:53,860 - INFO - The train loss is 0.128864. The valid loss is 0.119050.
2023-02-25 17:18:53,860 - INFO - Epoch 9/100
2023-02-25 17:19:00,538 - INFO - The train loss is 0.130608. The valid loss is 0.120372.
2023-02-25 17:19:00,539 - INFO - Epoch 10/100
2023-02-25 17:19:07,223 - INFO - The train loss is 0.133398. The valid loss is 0.124386.
2023-02-25 17:19:07,224 - INFO - Epoch 11/100
2023-02-25 17:19:13,898 - INFO - The train loss is 0.128753. The valid loss is 0.121264.
2023-02-25 17:19:13,898 - INFO - Epoch 12/100
2023-02-25 17:19:20,576 - INFO - The train loss is 0.124955. The valid loss is 0.117869.
2023-02-25 17:19:20,576 - INFO - Epoch 13/100
2023-02-25 17:19:27,262 - INFO - The train loss is 0.123195. The valid loss is 0.124137.
2023-02-25 17:19:27,262 - INFO - Epoch 14/100
2023-02-25 17:19:33,931 - INFO - The train loss is 0.124264. The valid loss is 0.145162.
2023-02-25 17:19:33,931 - INFO - Epoch 15/100
2023-02-25 17:19:40,608 - INFO - The train loss is 0.124622. The valid loss is 0.127490.
2023-02-25 17:19:40,608 - INFO - Epoch 16/100
2023-02-25 17:19:48,426 - INFO - The train loss is 0.120389. The valid loss is 0.116424.
2023-02-25 17:19:48,426 - INFO - Epoch 17/100
2023-02-25 17:19:56,219 - INFO - The train loss is 0.121425. The valid loss is 0.121665.
2023-02-25 17:19:56,219 - INFO -  The training stops early in epoch 17
