2023-02-17 11:12:48,537 - INFO - 
Config:
'add_train': False
'batch_size': 16
'cudadevice': 'cuda:1'
'cur_time': '2023_02_17_11_12_47'
'data_selected': ['A1']
'do_figure_save': True
'do_log_print_to_screen': True
'do_log_save_to_file': True
'do_predict': False
'do_predict_roll': False
'do_train': True
'do_train_visualized': False
'dropout_rate': 0.2
'dynamic_data_root': 'input/csv/dynamic'
'dynamic_length': 2
'embedding_size': 256
'epoch': 100
'feature_columns': [0, 1, 3]
'figure_save_path': 'result/figure/'
'hidden_size': 256
'humansize': 9
'input_size': 3
'label_columns': [3]
'label_in_feature_index': [2]
'learning_rate': 5e-05
'log_save_path': 'result/logs/2023_02_17_11_12_47_pytorch/'
'lstm_layers': 2
'model_name': '.pth'
'model_postfix': {'pytorch': '.pth'}
'model_save_path': 'result/model/'
'name': 'A1_Attention_hc_True_changeDe_RMLSE16_ds_fusion53'
'naturesize': 4
'only_dynamic': 0
'only_static_concat_dynamic': 0
'only_static_plus_dynamic': 0
'output_size': 1
'patience': 5
'predict_day': 3
'random_seed': 42
'roll_predict_day': 125
'shuffle_train_data': False
'static_data_path': 'input/csv/static/All_static.csv'
'static_human_column': [4, 5, 6, 7, 8, 9, 10, 11, 12]
'static_nature_column': [0, 1, 2, 3]
'time_step': 5
'train_data_rate': 0.95
'train_name': 'A1'
'traindata': 'traindata'
'ttotrain': 1
'use_attention': True
'use_cuda': True
'use_static_embedding': True
'used_frame': 'pytorch'
'val_name': 'C1'
'valid_data_rate': 0.15
2023-02-17 11:12:51,087 - INFO - Epoch 0/100
2023-02-17 11:12:58,611 - INFO - The train loss is 0.850237. The valid loss is 1.141949.
2023-02-17 11:12:58,633 - INFO - Epoch 1/100
2023-02-17 11:13:03,548 - INFO - The train loss is 0.649068. The valid loss is 0.496070.
2023-02-17 11:13:03,571 - INFO - Epoch 2/100
2023-02-17 11:13:08,525 - INFO - The train loss is 0.462502. The valid loss is 0.842648.
2023-02-17 11:13:08,525 - INFO - Epoch 3/100
2023-02-17 11:13:13,543 - INFO - The train loss is 0.502371. The valid loss is 0.447033.
2023-02-17 11:13:13,566 - INFO - Epoch 4/100
2023-02-17 11:13:18,573 - INFO - The train loss is 0.340901. The valid loss is 0.297620.
2023-02-17 11:13:18,596 - INFO - Epoch 5/100
2023-02-17 11:13:22,836 - INFO - The train loss is 0.353652. The valid loss is 0.760792.
2023-02-17 11:13:22,836 - INFO - Epoch 6/100
2023-02-17 11:13:27,074 - INFO - The train loss is 0.581145. The valid loss is 1.081505.
2023-02-17 11:13:27,074 - INFO - Epoch 7/100
2023-02-17 11:13:31,878 - INFO - The train loss is 0.783050. The valid loss is 1.145738.
2023-02-17 11:13:31,878 - INFO - Epoch 8/100
2023-02-17 11:13:36,115 - INFO - The train loss is 0.790597. The valid loss is 1.140703.
2023-02-17 11:13:36,115 - INFO - Epoch 9/100
2023-02-17 11:13:40,350 - INFO - The train loss is 0.781418. The valid loss is 1.129783.
2023-02-17 11:13:40,351 - INFO -  The training stops early in epoch 9
