2023-02-25 16:39:36,817 - INFO - 
Config:
'add_train': False
'batch_size': 16
'cudadevice': 'cuda:1'
'cur_time': '2023_02_25_16_39_35'
'data_selected': ['A1'
'B1'
'B590_1'
'B590_2'
'B124'
'A26']
'do_figure_save': True
'do_log_print_to_screen': True
'do_log_save_to_file': True
'do_predict': False
'do_predict_roll': False
'do_train': True
'do_train_visualized': False
'dropout_rate': 0.2
'dynamic_data_root': 'input/csv/dynamic'
'dynamic_length': 2
'embedding_size': 256
'epoch': 100
'feature_columns': [0, 1, 3]
'figure_save_path': 'result/figure/'
'hidden_size': 256
'humansize': 9
'input_size': 3
'label_columns': [3]
'label_in_feature_index': [2]
'learning_rate': 5e-05
'log_save_path': 'result/logs/2023_02_25_16_39_35_pytorch/'
'lstm_layers': 2
'model_name': '.pth'
'model_postfix': {'pytorch': '.pth'}
'model_save_path': 'result/model/'
'name': 'A1,B1,B590_1,B590_2,B124,A26_Attention_hc_True_RMLSE_learnWeight16_ds_fusion53'
'naturesize': 4
'only_dynamic': 0
'only_static_concat_dynamic': 0
'only_static_plus_dynamic': 0
'output_size': 1
'patience': 5
'predict_day': 3
'random_seed': 42
'roll_predict_day': 125
'shuffle_train_data': False
'static_data_path': 'input/csv/static/All_static.csv'
'static_human_column': [4, 5, 6, 7, 8, 9, 10, 11, 12]
'static_nature_column': [0, 1, 2, 3]
'time_step': 5
'train_data_rate': 0.95
'train_name': 'A1,B1,B590_1,B590_2,B124,A26'
'traindata': 'traindata'
'ttotrain': 1
'use_attention': True
'use_cuda': True
'use_static_embedding': True
'used_frame': 'pytorch'
'val_name': 'C1'
'valid_data_rate': 0.15
2023-02-25 16:39:39,569 - INFO - Epoch 0/100
2023-02-25 16:39:39,571 - ERROR - Run Error
Traceback (most recent call last):
  File "/data/zhangyisi/ShaleOil_latest/full_system_no_dynamic_with_learnable_weight.py", line 617, in main
    train(config, logger, [encoder_train, decoder_train, label_train, encoder_valid, decoder_valid,
  File "/data/zhangyisi/ShaleOil_latest/full_system_no_dynamic_with_learnable_weight.py", line 362, in train
    pred_Y = model(_encoder_train,_decoder_train,human, nature, h_0,c_0)
  File "/data/zhangyisi/anaconda3/envs/Shale/lib/python3.8/site-packages/torch/nn/modules/module.py", line 1102, in _call_impl
    return forward_call(*input, **kwargs)
  File "/data/zhangyisi/ShaleOil_latest/model/full_model_no_dynamic_with_learnable_weight.py", line 298, in forward
    self.learn_weight.device = encoder_input.device
AttributeError: attribute 'device' of 'torch._C._TensorBase' objects is not writable
