2023-02-17 11:09:44,534 - INFO - 
Config:
'add_train': False
'batch_size': 16
'cudadevice': 'cuda:1'
'cur_time': '2023_02_17_11_09_43'
'data_selected': ['A1']
'do_figure_save': True
'do_log_print_to_screen': True
'do_log_save_to_file': True
'do_predict': False
'do_predict_roll': False
'do_train': True
'do_train_visualized': False
'dropout_rate': 0.2
'dynamic_data_root': 'input/csv/dynamic'
'dynamic_length': 2
'embedding_size': 256
'epoch': 100
'feature_columns': [0, 1, 3]
'figure_save_path': 'result/figure/'
'hidden_size': 256
'humansize': 9
'input_size': 3
'label_columns': [3]
'label_in_feature_index': [2]
'learning_rate': 5e-05
'log_save_path': 'result/logs/2023_02_17_11_09_43_pytorch/'
'lstm_layers': 2
'model_name': '.pth'
'model_postfix': {'pytorch': '.pth'}
'model_save_path': 'result/model/'
'name': 'A1_No_Attention_hc_False_changeDe_RMLSE16_dynamic_only53'
'naturesize': 4
'only_dynamic': 1
'only_static_concat_dynamic': 0
'only_static_plus_dynamic': 0
'output_size': 1
'patience': 5
'predict_day': 3
'random_seed': 42
'roll_predict_day': 125
'shuffle_train_data': False
'static_data_path': 'input/csv/static/All_static.csv'
'static_human_column': [4, 5, 6, 7, 8, 9, 10, 11, 12]
'static_nature_column': [0, 1, 2, 3]
'time_step': 5
'train_data_rate': 0.95
'train_name': 'A1'
'traindata': 'traindata'
'ttotrain': 1
'use_attention': False
'use_cuda': True
'use_static_embedding': False
'used_frame': 'pytorch'
'val_name': 'C1'
'valid_data_rate': 0.15
2023-02-17 11:09:47,080 - INFO - Epoch 0/100
2023-02-17 11:09:49,980 - INFO - The train loss is 0.779379. The valid loss is 0.974024.
2023-02-17 11:09:49,995 - INFO - Epoch 1/100
2023-02-17 11:09:50,431 - INFO - The train loss is 0.522755. The valid loss is 0.479652.
2023-02-17 11:09:50,448 - INFO - Epoch 2/100
2023-02-17 11:09:50,888 - INFO - The train loss is 0.463621. The valid loss is 0.697769.
2023-02-17 11:09:50,888 - INFO - Epoch 3/100
2023-02-17 11:09:51,320 - INFO - The train loss is 0.463882. The valid loss is 0.612172.
2023-02-17 11:09:51,320 - INFO - Epoch 4/100
2023-02-17 11:09:51,755 - INFO - The train loss is 0.417171. The valid loss is 0.475207.
2023-02-17 11:09:51,773 - INFO - Epoch 5/100
2023-02-17 11:09:52,207 - INFO - The train loss is 0.352543. The valid loss is 0.323348.
2023-02-17 11:09:52,224 - INFO - Epoch 6/100
2023-02-17 11:09:52,658 - INFO - The train loss is 0.317619. The valid loss is 0.295937.
2023-02-17 11:09:52,685 - INFO - Epoch 7/100
2023-02-17 11:09:53,136 - INFO - The train loss is 0.299717. The valid loss is 0.277112.
2023-02-17 11:09:53,153 - INFO - Epoch 8/100
2023-02-17 11:09:53,585 - INFO - The train loss is 0.283890. The valid loss is 0.263943.
2023-02-17 11:09:53,603 - INFO - Epoch 9/100
2023-02-17 11:09:54,060 - INFO - The train loss is 0.266666. The valid loss is 0.257694.
2023-02-17 11:09:54,077 - INFO - Epoch 10/100
2023-02-17 11:09:54,513 - INFO - The train loss is 0.259947. The valid loss is 0.249102.
2023-02-17 11:09:54,574 - INFO - Epoch 11/100
2023-02-17 11:09:55,039 - INFO - The train loss is 0.248298. The valid loss is 0.241530.
2023-02-17 11:09:55,056 - INFO - Epoch 12/100
2023-02-17 11:09:55,490 - INFO - The train loss is 0.245372. The valid loss is 0.248135.
2023-02-17 11:09:55,490 - INFO - Epoch 13/100
2023-02-17 11:09:55,918 - INFO - The train loss is 0.228807. The valid loss is 0.248171.
2023-02-17 11:09:55,918 - INFO - Epoch 14/100
2023-02-17 11:09:56,353 - INFO - The train loss is 0.232681. The valid loss is 0.238584.
2023-02-17 11:09:56,369 - INFO - Epoch 15/100
2023-02-17 11:09:56,802 - INFO - The train loss is 0.241682. The valid loss is 0.419676.
2023-02-17 11:09:56,802 - INFO - Epoch 16/100
2023-02-17 11:09:57,243 - INFO - The train loss is 0.311437. The valid loss is 0.763666.
2023-02-17 11:09:57,243 - INFO - Epoch 17/100
2023-02-17 11:09:57,677 - INFO - The train loss is 1.175754. The valid loss is 1.581483.
2023-02-17 11:09:57,677 - INFO - Epoch 18/100
2023-02-17 11:09:58,107 - INFO - The train loss is 1.298808. The valid loss is 1.622536.
2023-02-17 11:09:58,107 - INFO - Epoch 19/100
2023-02-17 11:09:58,541 - INFO - The train loss is 1.283794. The valid loss is 1.242132.
2023-02-17 11:09:58,541 - INFO -  The training stops early in epoch 19
