2023-02-20 09:38:15,572 - INFO - 
Config:
'add_train': False
'batch_size': 16
'cudadevice': 'cuda:1'
'cur_time': '2023_02_20_09_38_14'
'data_selected': ['A1'
'C1']
'do_figure_save': True
'do_log_print_to_screen': True
'do_log_save_to_file': True
'do_predict': False
'do_predict_roll': False
'do_train': True
'do_train_visualized': False
'dropout_rate': 0.2
'dynamic_data_root': 'input/csv/dynamic'
'dynamic_length': 2
'embedding_size': 256
'epoch': 100
'feature_columns': [0, 1, 3]
'figure_save_path': 'result/figure/'
'hidden_size': 256
'humansize': 9
'input_size': 3
'label_columns': [3]
'label_in_feature_index': [2]
'learning_rate': 5e-05
'log_save_path': 'result/logs/2023_02_20_09_38_14_pytorch/'
'lstm_layers': 2
'model_name': '.pth'
'model_postfix': {'pytorch': '.pth'}
'model_save_path': 'result/model/'
'name': 'A1,C1_Attention_hc_True_RMLSE16_ds_fusion53'
'naturesize': 4
'only_dynamic': 0
'only_static_concat_dynamic': 0
'only_static_plus_dynamic': 0
'output_size': 1
'patience': 5
'predict_day': 3
'random_seed': 42
'roll_predict_day': 125
'shuffle_train_data': False
'static_data_path': 'input/csv/static/All_static.csv'
'static_human_column': [4, 5, 6, 7, 8, 9, 10, 11, 12]
'static_nature_column': [0, 1, 2, 3]
'time_step': 5
'train_data_rate': 0.95
'train_name': 'A1,C1'
'traindata': 'traindata'
'ttotrain': 1
'use_attention': True
'use_cuda': True
'use_static_embedding': True
'used_frame': 'pytorch'
'val_name': 'B1'
'valid_data_rate': 0.15
2023-02-20 09:38:18,270 - INFO - Epoch 0/100
2023-02-20 09:38:29,023 - INFO - The train loss is 0.596323. The valid loss is 0.502890.
2023-02-20 09:38:29,083 - INFO - Epoch 1/100
2023-02-20 09:38:38,428 - INFO - The train loss is 0.255172. The valid loss is 0.200012.
2023-02-20 09:38:38,470 - INFO - Epoch 2/100
2023-02-20 09:38:46,941 - INFO - The train loss is 0.189867. The valid loss is 0.158987.
2023-02-20 09:38:46,969 - INFO - Epoch 3/100
2023-02-20 09:38:54,284 - INFO - The train loss is 0.169292. The valid loss is 0.161760.
2023-02-20 09:38:54,284 - INFO - Epoch 4/100
2023-02-20 09:39:02,882 - INFO - The train loss is 0.149899. The valid loss is 0.148453.
2023-02-20 09:39:02,908 - INFO - Epoch 5/100
2023-02-20 09:39:09,903 - INFO - The train loss is 0.145561. The valid loss is 0.134303.
2023-02-20 09:39:09,928 - INFO - Epoch 6/100
2023-02-20 09:39:17,006 - INFO - The train loss is 0.137479. The valid loss is 0.115581.
2023-02-20 09:39:17,031 - INFO - Epoch 7/100
2023-02-20 09:39:25,125 - INFO - The train loss is 0.129212. The valid loss is 0.109344.
2023-02-20 09:39:25,150 - INFO - Epoch 8/100
2023-02-20 09:39:34,009 - INFO - The train loss is 0.121795. The valid loss is 0.124494.
2023-02-20 09:39:34,009 - INFO - Epoch 9/100
2023-02-20 09:39:44,856 - INFO - The train loss is 0.121350. The valid loss is 0.117361.
2023-02-20 09:39:44,857 - INFO - Epoch 10/100
2023-02-20 09:39:54,360 - INFO - The train loss is 0.120808. The valid loss is 0.109668.
2023-02-20 09:39:54,360 - INFO - Epoch 11/100
2023-02-20 09:40:03,533 - INFO - The train loss is 0.119002. The valid loss is 0.122667.
2023-02-20 09:40:03,533 - INFO - Epoch 12/100
2023-02-20 09:40:11,161 - INFO - The train loss is 0.120304. The valid loss is 0.109810.
2023-02-20 09:40:11,161 - INFO -  The training stops early in epoch 12
