2023-02-25 16:57:31,548 - INFO - 
Config:
'add_train': False
'batch_size': 16
'cudadevice': 'cuda:1'
'cur_time': '2023_02_25_16_57_30'
'data_selected': ['A1'
'B1'
'B124'
'B590_1'
'B590_2'
'A26']
'do_figure_save': True
'do_log_print_to_screen': True
'do_log_save_to_file': True
'do_predict': False
'do_predict_roll': False
'do_train': True
'do_train_visualized': False
'dropout_rate': 0.2
'dynamic_data_root': 'input/csv/dynamic'
'dynamic_length': 2
'embedding_size': 256
'epoch': 100
'feature_columns': [0, 1, 3]
'figure_save_path': 'result/figure/'
'hidden_size': 256
'humansize': 9
'input_size': 3
'label_columns': [3]
'label_in_feature_index': [2]
'learning_rate': 5e-05
'log_save_path': 'result/logs/2023_02_25_16_57_30_pytorch/'
'lstm_layers': 2
'model_name': '.pth'
'model_postfix': {'pytorch': '.pth'}
'model_save_path': 'result/model/'
'name': 'A1,B1,B124,B590_1,B590_2,A26_Attention_hc_True_RMLSE_learnWeight16_ds_fusion53'
'naturesize': 4
'only_dynamic': 0
'only_static_concat_dynamic': 0
'only_static_plus_dynamic': 0
'output_size': 1
'patience': 5
'predict_day': 3
'random_seed': 42
'roll_predict_day': 125
'shuffle_train_data': False
'static_data_path': 'input/csv/static/All_static.csv'
'static_human_column': [4, 5, 6, 7, 8, 9, 10, 11, 12]
'static_nature_column': [0, 1, 2, 3]
'time_step': 5
'train_data_rate': 0.95
'train_name': 'A1,B1,B124,B590_1,B590_2,A26'
'traindata': 'traindata'
'ttotrain': 1
'use_attention': True
'use_cuda': True
'use_static_embedding': True
'used_frame': 'pytorch'
'val_name': 'C1'
'valid_data_rate': 0.15
2023-02-25 16:57:34,210 - INFO - Epoch 0/100
2023-02-25 16:58:06,136 - INFO - The train loss is 0.554219. The valid loss is 0.446409.
2023-02-25 16:58:06,160 - INFO - Epoch 1/100
2023-02-25 16:58:34,006 - INFO - The train loss is 0.412823. The valid loss is 1.327800.
2023-02-25 16:58:34,006 - INFO - Epoch 2/100
2023-02-25 16:58:59,116 - INFO - The train loss is 1.276317. The valid loss is 1.464032.
2023-02-25 16:58:59,116 - INFO - Epoch 3/100
2023-02-25 16:59:24,559 - INFO - The train loss is 1.255101. The valid loss is 1.394173.
2023-02-25 16:59:24,559 - INFO - Epoch 4/100
2023-02-25 16:59:49,731 - INFO - The train loss is 1.181948. The valid loss is 1.311131.
2023-02-25 16:59:49,731 - INFO - Epoch 5/100
2023-02-25 17:00:14,837 - INFO - The train loss is 1.063641. The valid loss is 1.130067.
2023-02-25 17:00:14,838 - INFO -  The training stops early in epoch 5
