2023-02-20 09:42:45,554 - INFO - 
Config:
'add_train': False
'batch_size': 16
'cudadevice': 'cuda:1'
'cur_time': '2023_02_20_09_42_44'
'data_selected': ['A1'
'B1']
'do_figure_save': True
'do_log_print_to_screen': True
'do_log_save_to_file': True
'do_predict': False
'do_predict_roll': False
'do_train': True
'do_train_visualized': False
'dropout_rate': 0.2
'dynamic_data_root': 'input/csv/dynamic'
'dynamic_length': 2
'embedding_size': 256
'epoch': 100
'feature_columns': [0, 1, 3]
'figure_save_path': 'result/figure/'
'hidden_size': 256
'humansize': 9
'input_size': 3
'label_columns': [3]
'label_in_feature_index': [2]
'learning_rate': 5e-05
'log_save_path': 'result/logs/2023_02_20_09_42_44_pytorch/'
'lstm_layers': 2
'model_name': '.pth'
'model_postfix': {'pytorch': '.pth'}
'model_save_path': 'result/model/'
'name': 'A1,B1_Attention_hc_True_RMLSE16_ds_fusion53'
'naturesize': 4
'only_dynamic': 0
'only_static_concat_dynamic': 0
'only_static_plus_dynamic': 0
'output_size': 1
'patience': 5
'predict_day': 3
'random_seed': 42
'roll_predict_day': 125
'shuffle_train_data': False
'static_data_path': 'input/csv/static/All_static.csv'
'static_human_column': [4, 5, 6, 7, 8, 9, 10, 11, 12]
'static_nature_column': [0, 1, 2, 3]
'time_step': 5
'train_data_rate': 0.95
'train_name': 'A1,B1'
'traindata': 'traindata'
'ttotrain': 1
'use_attention': True
'use_cuda': True
'use_static_embedding': True
'used_frame': 'pytorch'
'val_name': 'C1'
'valid_data_rate': 0.15
2023-02-20 09:42:48,366 - INFO - Epoch 0/100
2023-02-20 09:43:00,318 - INFO - The train loss is 0.608940. The valid loss is 0.440076.
2023-02-20 09:43:00,339 - INFO - Epoch 1/100
2023-02-20 09:43:09,798 - INFO - The train loss is 0.379631. The valid loss is 0.317943.
2023-02-20 09:43:09,822 - INFO - Epoch 2/100
2023-02-20 09:43:18,312 - INFO - The train loss is 0.326453. The valid loss is 0.250862.
2023-02-20 09:43:18,424 - INFO - Epoch 3/100
2023-02-20 09:43:28,416 - INFO - The train loss is 0.286417. The valid loss is 0.198395.
2023-02-20 09:43:28,440 - INFO - Epoch 4/100
2023-02-20 09:43:36,343 - INFO - The train loss is 0.336356. The valid loss is 0.556280.
2023-02-20 09:43:36,344 - INFO - Epoch 5/100
2023-02-20 09:43:44,746 - INFO - The train loss is 0.433498. The valid loss is 0.331680.
2023-02-20 09:43:44,746 - INFO - Epoch 6/100
2023-02-20 09:43:53,816 - INFO - The train loss is 0.296760. The valid loss is 0.237373.
2023-02-20 09:43:53,816 - INFO - Epoch 7/100
2023-02-20 09:44:01,910 - INFO - The train loss is 0.268517. The valid loss is 0.199662.
2023-02-20 09:44:01,910 - INFO - Epoch 8/100
2023-02-20 09:44:09,733 - INFO - The train loss is 0.274712. The valid loss is 0.271780.
2023-02-20 09:44:09,733 - INFO -  The training stops early in epoch 8
