2023-02-25 17:15:36,523 - INFO - 
Config:
'add_train': False
'batch_size': 16
'cudadevice': 'cuda:1'
'cur_time': '2023_02_25_17_15_35'
'data_selected': ['A1'
'B1']
'do_figure_save': True
'do_log_print_to_screen': True
'do_log_save_to_file': True
'do_predict': False
'do_predict_roll': False
'do_train': True
'do_train_visualized': False
'dropout_rate': 0.2
'dynamic_data_root': 'input/csv/dynamic'
'dynamic_length': 2
'embedding_size': 256
'epoch': 100
'feature_columns': [0, 1, 3]
'figure_save_path': 'result/figure/'
'hidden_size': 256
'humansize': 9
'input_size': 3
'label_columns': [3]
'label_in_feature_index': [2]
'learning_rate': 5e-05
'log_save_path': 'result/logs/2023_02_25_17_15_35_pytorch/'
'lstm_layers': 2
'model_name': '.pth'
'model_postfix': {'pytorch': '.pth'}
'model_save_path': 'result/model/'
'name': 'A1,B1_Attention_hc_True_RMLSE_learnWeight16_ds_fusion53'
'naturesize': 4
'only_dynamic': 0
'only_static_concat_dynamic': 0
'only_static_plus_dynamic': 0
'output_size': 1
'patience': 10
'predict_day': 3
'random_seed': 42
'roll_predict_day': 125
'shuffle_train_data': False
'static_data_path': 'input/csv/static/All_static.csv'
'static_human_column': [4, 5, 6, 7, 8, 9, 10, 11, 12]
'static_nature_column': [0, 1, 2, 3]
'time_step': 5
'train_data_rate': 0.95
'train_name': 'A1,B1'
'traindata': 'traindata'
'ttotrain': 1
'use_attention': True
'use_cuda': True
'use_static_embedding': True
'used_frame': 'pytorch'
'val_name': 'C1'
'valid_data_rate': 0.15
2023-02-25 17:15:39,180 - INFO - Epoch 0/100
2023-02-25 17:15:50,615 - INFO - The train loss is 0.632465. The valid loss is 0.481037.
2023-02-25 17:15:50,638 - INFO - Epoch 1/100
2023-02-25 17:15:58,252 - INFO - The train loss is 0.389144. The valid loss is 0.319790.
2023-02-25 17:15:58,275 - INFO - Epoch 2/100
2023-02-25 17:16:05,853 - INFO - The train loss is 0.340041. The valid loss is 0.276204.
2023-02-25 17:16:05,876 - INFO - Epoch 3/100
2023-02-25 17:16:13,443 - INFO - The train loss is 0.301246. The valid loss is 0.220791.
2023-02-25 17:16:13,466 - INFO - Epoch 4/100
2023-02-25 17:16:21,027 - INFO - The train loss is 0.275960. The valid loss is 0.200820.
2023-02-25 17:16:21,050 - INFO - Epoch 5/100
2023-02-25 17:16:28,625 - INFO - The train loss is 0.281947. The valid loss is 0.260886.
2023-02-25 17:16:28,625 - INFO - Epoch 6/100
2023-02-25 17:16:37,131 - INFO - The train loss is 0.303674. The valid loss is 0.404028.
2023-02-25 17:16:37,131 - INFO - Epoch 7/100
2023-02-25 17:16:45,912 - INFO - The train loss is 0.287150. The valid loss is 0.227109.
2023-02-25 17:16:45,912 - INFO - Epoch 8/100
2023-02-25 17:16:54,796 - INFO - The train loss is 0.278769. The valid loss is 0.298278.
2023-02-25 17:16:54,796 - INFO - Epoch 9/100
2023-02-25 17:17:03,576 - INFO - The train loss is 0.283686. The valid loss is 0.298862.
2023-02-25 17:17:03,577 - INFO - Epoch 10/100
2023-02-25 17:17:12,532 - INFO - The train loss is 0.264509. The valid loss is 0.219883.
2023-02-25 17:17:12,532 - INFO - Epoch 11/100
2023-02-25 17:17:21,356 - INFO - The train loss is 0.254291. The valid loss is 0.218147.
2023-02-25 17:17:21,356 - INFO - Epoch 12/100
2023-02-25 17:17:30,099 - INFO - The train loss is 0.267248. The valid loss is 0.310207.
2023-02-25 17:17:30,099 - INFO - Epoch 13/100
2023-02-25 17:17:38,918 - INFO - The train loss is 0.299114. The valid loss is 0.444017.
2023-02-25 17:17:38,918 - INFO - Epoch 14/100
2023-02-25 17:17:46,558 - INFO - The train loss is 0.324508. The valid loss is 0.239061.
2023-02-25 17:17:46,558 - INFO -  The training stops early in epoch 14
