2023-02-25 17:19:58,045 - INFO - 
Config:
'add_train': False
'batch_size': 16
'cudadevice': 'cuda:1'
'cur_time': '2023_02_25_17_19_57'
'data_selected': ['B1'
'C1']
'do_figure_save': True
'do_log_print_to_screen': True
'do_log_save_to_file': True
'do_predict': False
'do_predict_roll': False
'do_train': True
'do_train_visualized': False
'dropout_rate': 0.2
'dynamic_data_root': 'input/csv/dynamic'
'dynamic_length': 2
'embedding_size': 256
'epoch': 100
'feature_columns': [0, 1, 3]
'figure_save_path': 'result/figure/'
'hidden_size': 256
'humansize': 9
'input_size': 3
'label_columns': [3]
'label_in_feature_index': [2]
'learning_rate': 5e-05
'log_save_path': 'result/logs/2023_02_25_17_19_57_pytorch/'
'lstm_layers': 2
'model_name': '.pth'
'model_postfix': {'pytorch': '.pth'}
'model_save_path': 'result/model/'
'name': 'B1,C1_Attention_hc_True_RMLSE_learnWeight16_ds_fusion53'
'naturesize': 4
'only_dynamic': 0
'only_static_concat_dynamic': 0
'only_static_plus_dynamic': 0
'output_size': 1
'patience': 10
'predict_day': 3
'random_seed': 42
'roll_predict_day': 125
'shuffle_train_data': False
'static_data_path': 'input/csv/static/All_static.csv'
'static_human_column': [4, 5, 6, 7, 8, 9, 10, 11, 12]
'static_nature_column': [0, 1, 2, 3]
'time_step': 5
'train_data_rate': 0.95
'train_name': 'B1,C1'
'traindata': 'traindata'
'ttotrain': 1
'use_attention': True
'use_cuda': True
'use_static_embedding': True
'used_frame': 'pytorch'
'val_name': 'C1'
'valid_data_rate': 0.15
2023-02-25 17:20:00,680 - INFO - Epoch 0/100
2023-02-25 17:20:09,657 - INFO - The train loss is 0.873723. The valid loss is 0.780396.
2023-02-25 17:20:09,677 - INFO - Epoch 1/100
2023-02-25 17:20:16,141 - INFO - The train loss is 0.516628. The valid loss is 0.333844.
2023-02-25 17:20:16,164 - INFO - Epoch 2/100
2023-02-25 17:20:22,659 - INFO - The train loss is 0.385779. The valid loss is 0.294249.
2023-02-25 17:20:22,683 - INFO - Epoch 3/100
2023-02-25 17:20:29,197 - INFO - The train loss is 0.409739. The valid loss is 0.315387.
2023-02-25 17:20:29,198 - INFO - Epoch 4/100
2023-02-25 17:20:35,700 - INFO - The train loss is 0.582682. The valid loss is 0.556192.
2023-02-25 17:20:35,700 - INFO - Epoch 5/100
2023-02-25 17:20:42,097 - INFO - The train loss is 0.423461. The valid loss is 0.327364.
2023-02-25 17:20:42,098 - INFO - Epoch 6/100
2023-02-25 17:20:48,520 - INFO - The train loss is 0.371200. The valid loss is 0.290315.
2023-02-25 17:20:48,543 - INFO - Epoch 7/100
2023-02-25 17:20:55,023 - INFO - The train loss is 0.365166. The valid loss is 0.309478.
2023-02-25 17:20:55,023 - INFO - Epoch 8/100
2023-02-25 17:21:01,442 - INFO - The train loss is 0.346157. The valid loss is 0.270576.
2023-02-25 17:21:01,597 - INFO - Epoch 9/100
2023-02-25 17:21:08,084 - INFO - The train loss is 0.364799. The valid loss is 0.311477.
2023-02-25 17:21:08,085 - INFO - Epoch 10/100
2023-02-25 17:21:14,626 - INFO - The train loss is 0.343586. The valid loss is 0.263662.
2023-02-25 17:21:14,649 - INFO - Epoch 11/100
2023-02-25 17:21:21,191 - INFO - The train loss is 0.374926. The valid loss is 0.288400.
2023-02-25 17:21:21,192 - INFO - Epoch 12/100
2023-02-25 17:21:27,822 - INFO - The train loss is 0.343274. The valid loss is 0.261910.
2023-02-25 17:21:27,846 - INFO - Epoch 13/100
2023-02-25 17:21:33,433 - INFO - The train loss is 0.360605. The valid loss is 0.284926.
2023-02-25 17:21:33,433 - INFO - Epoch 14/100
2023-02-25 17:21:38,981 - INFO - The train loss is 0.332758. The valid loss is 0.256036.
2023-02-25 17:21:39,005 - INFO - Epoch 15/100
2023-02-25 17:21:44,562 - INFO - The train loss is 0.348355. The valid loss is 0.290363.
2023-02-25 17:21:44,562 - INFO - Epoch 16/100
2023-02-25 17:21:50,104 - INFO - The train loss is 0.333718. The valid loss is 0.252727.
2023-02-25 17:21:50,128 - INFO - Epoch 17/100
2023-02-25 17:21:55,675 - INFO - The train loss is 0.349562. The valid loss is 0.264204.
2023-02-25 17:21:55,675 - INFO - Epoch 18/100
2023-02-25 17:22:01,228 - INFO - The train loss is 0.329622. The valid loss is 0.245579.
2023-02-25 17:22:01,251 - INFO - Epoch 19/100
2023-02-25 17:22:06,806 - INFO - The train loss is 0.506948. The valid loss is 0.440381.
2023-02-25 17:22:06,807 - INFO - Epoch 20/100
2023-02-25 17:22:12,370 - INFO - The train loss is 0.353290. The valid loss is 0.267834.
2023-02-25 17:22:12,370 - INFO - Epoch 21/100
2023-02-25 17:22:17,917 - INFO - The train loss is 0.339565. The valid loss is 0.266649.
2023-02-25 17:22:17,917 - INFO - Epoch 22/100
2023-02-25 17:22:23,465 - INFO - The train loss is 0.333825. The valid loss is 0.259422.
2023-02-25 17:22:23,465 - INFO - Epoch 23/100
2023-02-25 17:22:29,016 - INFO - The train loss is 0.339931. The valid loss is 0.261354.
2023-02-25 17:22:29,016 - INFO - Epoch 24/100
2023-02-25 17:22:34,569 - INFO - The train loss is 0.326039. The valid loss is 0.253241.
2023-02-25 17:22:34,570 - INFO - Epoch 25/100
2023-02-25 17:22:40,116 - INFO - The train loss is 0.339157. The valid loss is 0.269482.
2023-02-25 17:22:40,117 - INFO - Epoch 26/100
2023-02-25 17:22:45,675 - INFO - The train loss is 0.327568. The valid loss is 0.243598.
2023-02-25 17:22:45,699 - INFO - Epoch 27/100
2023-02-25 17:22:51,259 - INFO - The train loss is 0.333069. The valid loss is 0.281092.
2023-02-25 17:22:51,259 - INFO - Epoch 28/100
2023-02-25 17:22:56,842 - INFO - The train loss is 0.317922. The valid loss is 0.239015.
2023-02-25 17:22:56,865 - INFO - Epoch 29/100
2023-02-25 17:23:02,426 - INFO - The train loss is 0.322928. The valid loss is 0.242169.
2023-02-25 17:23:02,426 - INFO - Epoch 30/100
2023-02-25 17:23:07,979 - INFO - The train loss is 0.531793. The valid loss is 0.577609.
2023-02-25 17:23:07,979 - INFO - Epoch 31/100
2023-02-25 17:23:13,532 - INFO - The train loss is 0.433949. The valid loss is 0.355254.
2023-02-25 17:23:13,532 - INFO - Epoch 32/100
2023-02-25 17:23:19,080 - INFO - The train loss is 0.344822. The valid loss is 0.248870.
2023-02-25 17:23:19,081 - INFO - Epoch 33/100
2023-02-25 17:23:24,631 - INFO - The train loss is 0.332795. The valid loss is 0.238241.
2023-02-25 17:23:24,654 - INFO - Epoch 34/100
2023-02-25 17:23:30,221 - INFO - The train loss is 0.319178. The valid loss is 0.239201.
2023-02-25 17:23:30,221 - INFO - Epoch 35/100
2023-02-25 17:23:35,781 - INFO - The train loss is 0.313917. The valid loss is 0.241562.
2023-02-25 17:23:35,782 - INFO - Epoch 36/100
2023-02-25 17:23:41,328 - INFO - The train loss is 0.314590. The valid loss is 0.238746.
2023-02-25 17:23:41,328 - INFO - Epoch 37/100
2023-02-25 17:23:46,883 - INFO - The train loss is 0.315003. The valid loss is 0.237549.
2023-02-25 17:23:46,906 - INFO - Epoch 38/100
2023-02-25 17:23:52,463 - INFO - The train loss is 0.313138. The valid loss is 0.235439.
2023-02-25 17:23:52,487 - INFO - Epoch 39/100
2023-02-25 17:23:58,044 - INFO - The train loss is 0.308798. The valid loss is 0.238829.
2023-02-25 17:23:58,044 - INFO - Epoch 40/100
2023-02-25 17:24:04,024 - INFO - The train loss is 0.310567. The valid loss is 0.235545.
2023-02-25 17:24:04,024 - INFO - Epoch 41/100
2023-02-25 17:24:10,607 - INFO - The train loss is 0.309479. The valid loss is 0.231542.
2023-02-25 17:24:10,631 - INFO - Epoch 42/100
2023-02-25 17:24:17,164 - INFO - The train loss is 0.311570. The valid loss is 0.234901.
2023-02-25 17:24:17,164 - INFO - Epoch 43/100
2023-02-25 17:24:23,608 - INFO - The train loss is 0.309300. The valid loss is 0.232677.
2023-02-25 17:24:23,608 - INFO - Epoch 44/100
2023-02-25 17:24:30,164 - INFO - The train loss is 0.307095. The valid loss is 0.231097.
2023-02-25 17:24:30,188 - INFO - Epoch 45/100
2023-02-25 17:24:36,839 - INFO - The train loss is 0.302184. The valid loss is 0.229569.
2023-02-25 17:24:36,863 - INFO - Epoch 46/100
2023-02-25 17:24:43,363 - INFO - The train loss is 0.306666. The valid loss is 0.229812.
2023-02-25 17:24:43,364 - INFO - Epoch 47/100
2023-02-25 17:24:49,961 - INFO - The train loss is 0.298137. The valid loss is 0.232297.
2023-02-25 17:24:49,961 - INFO - Epoch 48/100
2023-02-25 17:24:56,556 - INFO - The train loss is 0.296816. The valid loss is 0.229487.
2023-02-25 17:24:56,579 - INFO - Epoch 49/100
2023-02-25 17:25:03,189 - INFO - The train loss is 0.300157. The valid loss is 0.226855.
2023-02-25 17:25:03,213 - INFO - Epoch 50/100
2023-02-25 17:25:09,770 - INFO - The train loss is 0.295054. The valid loss is 0.238382.
2023-02-25 17:25:09,770 - INFO - Epoch 51/100
2023-02-25 17:25:16,148 - INFO - The train loss is 0.294949. The valid loss is 0.233755.
2023-02-25 17:25:16,148 - INFO - Epoch 52/100
2023-02-25 17:25:21,702 - INFO - The train loss is 0.327195. The valid loss is 0.232551.
2023-02-25 17:25:21,702 - INFO - Epoch 53/100
2023-02-25 17:25:27,247 - INFO - The train loss is 0.294512. The valid loss is 0.225661.
2023-02-25 17:25:27,270 - INFO - Epoch 54/100
2023-02-25 17:25:32,838 - INFO - The train loss is 0.301999. The valid loss is 0.228791.
2023-02-25 17:25:32,838 - INFO - Epoch 55/100
2023-02-25 17:25:38,395 - INFO - The train loss is 0.298716. The valid loss is 0.225988.
2023-02-25 17:25:38,395 - INFO - Epoch 56/100
2023-02-25 17:25:43,947 - INFO - The train loss is 0.295136. The valid loss is 0.226552.
2023-02-25 17:25:43,948 - INFO - Epoch 57/100
2023-02-25 17:25:49,504 - INFO - The train loss is 0.304295. The valid loss is 0.231586.
2023-02-25 17:25:49,504 - INFO - Epoch 58/100
2023-02-25 17:25:55,052 - INFO - The train loss is 0.295553. The valid loss is 0.227821.
2023-02-25 17:25:55,053 - INFO - Epoch 59/100
2023-02-25 17:26:00,614 - INFO - The train loss is 0.303213. The valid loss is 0.232907.
2023-02-25 17:26:00,615 - INFO - Epoch 60/100
2023-02-25 17:26:06,213 - INFO - The train loss is 0.297388. The valid loss is 0.232464.
2023-02-25 17:26:06,213 - INFO - Epoch 61/100
2023-02-25 17:26:11,758 - INFO - The train loss is 0.303855. The valid loss is 0.238094.
2023-02-25 17:26:11,758 - INFO - Epoch 62/100
2023-02-25 17:26:17,307 - INFO - The train loss is 0.289735. The valid loss is 0.235717.
2023-02-25 17:26:17,307 - INFO - Epoch 63/100
2023-02-25 17:26:22,858 - INFO - The train loss is 0.308642. The valid loss is 0.238069.
2023-02-25 17:26:22,858 - INFO -  The training stops early in epoch 63
