2023-02-17 11:06:51,407 - INFO - 
Config:
'add_train': False
'batch_size': 16
'cudadevice': 'cuda:1'
'cur_time': '2023_02_17_11_06_50'
'data_selected': ['A1']
'do_figure_save': True
'do_log_print_to_screen': True
'do_log_save_to_file': True
'do_predict': False
'do_predict_roll': False
'do_train': True
'do_train_visualized': False
'dropout_rate': 0.2
'dynamic_data_root': 'input/csv/dynamic'
'dynamic_length': 2
'embedding_size': 256
'epoch': 100
'feature_columns': [0, 1, 3]
'figure_save_path': 'result/figure/'
'hidden_size': 256
'humansize': 9
'input_size': 3
'label_columns': [3]
'label_in_feature_index': [2]
'learning_rate': 5e-05
'log_save_path': 'result/logs/2023_02_17_11_06_50_pytorch/'
'lstm_layers': 2
'model_name': '.pth'
'model_postfix': {'pytorch': '.pth'}
'model_save_path': 'result/model/'
'name': 'A1_No_Attention_hc_False_changeDe_RMLSE16_plus_only53'
'naturesize': 4
'only_dynamic': 0
'only_static_concat_dynamic': 0
'only_static_plus_dynamic': 1
'output_size': 1
'patience': 5
'predict_day': 3
'random_seed': 42
'roll_predict_day': 125
'shuffle_train_data': False
'static_data_path': 'input/csv/static/All_static.csv'
'static_human_column': [4, 5, 6, 7, 8, 9, 10, 11, 12]
'static_nature_column': [0, 1, 2, 3]
'time_step': 5
'train_data_rate': 0.95
'train_name': 'A1'
'traindata': 'traindata'
'ttotrain': 1
'use_attention': False
'use_cuda': True
'use_static_embedding': False
'used_frame': 'pytorch'
'val_name': 'C1'
'valid_data_rate': 0.15
2023-02-17 11:06:51,504 - ERROR - Run Error
Traceback (most recent call last):
  File "full_system.py", line 616, in main
    train(config, logger, [encoder_train, decoder_train, label_train,dynamic_train, encoder_valid, decoder_valid,
  File "full_system.py", line 336, in train
    model = Net(config,teacherforcing= False).to(device)      # 如果是GPU训练， .to(device) 会把模型/数据复制到GPU显存中
  File "/data/zhangyisi/ShaleOil_latest/model/full_model.py", line 277, in __init__
    self.decoder = No_ATT_Decoder(enc_hidden_size=config.hidden_size, dec_hidden_size = config.hidden_size, num_layers = config.lstm_layers,
  File "/data/zhangyisi/ShaleOil_latest/model/full_model.py", line 120, in __init__
    super(ATT_Decoder, self).__init__()
TypeError: super(type, obj): obj must be an instance or subtype of type
