2023-02-17 11:11:28,676 - INFO - 
Config:
'add_train': False
'batch_size': 16
'cudadevice': 'cuda:1'
'cur_time': '2023_02_17_11_11_27'
'data_selected': ['A1']
'do_figure_save': True
'do_log_print_to_screen': True
'do_log_save_to_file': True
'do_predict': False
'do_predict_roll': False
'do_train': True
'do_train_visualized': False
'dropout_rate': 0.2
'dynamic_data_root': 'input/csv/dynamic'
'dynamic_length': 2
'embedding_size': 256
'epoch': 100
'feature_columns': [0, 1, 3]
'figure_save_path': 'result/figure/'
'hidden_size': 256
'humansize': 9
'input_size': 3
'label_columns': [3]
'label_in_feature_index': [2]
'learning_rate': 5e-05
'log_save_path': 'result/logs/2023_02_17_11_11_27_pytorch/'
'lstm_layers': 2
'model_name': '.pth'
'model_postfix': {'pytorch': '.pth'}
'model_save_path': 'result/model/'
'name': 'A1_No_Attention_hc_True_changeDe_RMLSE16_ds_fusion53'
'naturesize': 4
'only_dynamic': 0
'only_static_concat_dynamic': 0
'only_static_plus_dynamic': 0
'output_size': 1
'patience': 5
'predict_day': 3
'random_seed': 42
'roll_predict_day': 125
'shuffle_train_data': False
'static_data_path': 'input/csv/static/All_static.csv'
'static_human_column': [4, 5, 6, 7, 8, 9, 10, 11, 12]
'static_nature_column': [0, 1, 2, 3]
'time_step': 5
'train_data_rate': 0.95
'train_name': 'A1'
'traindata': 'traindata'
'ttotrain': 1
'use_attention': False
'use_cuda': True
'use_static_embedding': True
'used_frame': 'pytorch'
'val_name': 'C1'
'valid_data_rate': 0.15
2023-02-17 11:11:31,320 - INFO - Epoch 0/100
2023-02-17 11:11:38,701 - INFO - The train loss is 0.804779. The valid loss is 1.012099.
2023-02-17 11:11:38,716 - INFO - Epoch 1/100
2023-02-17 11:11:43,611 - INFO - The train loss is 0.553490. The valid loss is 0.421661.
2023-02-17 11:11:43,628 - INFO - Epoch 2/100
2023-02-17 11:11:48,551 - INFO - The train loss is 0.365342. The valid loss is 0.589318.
2023-02-17 11:11:48,551 - INFO - Epoch 3/100
2023-02-17 11:11:53,338 - INFO - The train loss is 0.378329. The valid loss is 0.565960.
2023-02-17 11:11:53,339 - INFO - Epoch 4/100
2023-02-17 11:11:57,436 - INFO - The train loss is 0.381437. The valid loss is 0.287953.
2023-02-17 11:11:57,453 - INFO - Epoch 5/100
2023-02-17 11:12:01,560 - INFO - The train loss is 0.310773. The valid loss is 0.302296.
2023-02-17 11:12:01,560 - INFO - Epoch 6/100
2023-02-17 11:12:05,654 - INFO - The train loss is 0.287029. The valid loss is 0.241285.
2023-02-17 11:12:05,670 - INFO - Epoch 7/100
2023-02-17 11:12:09,772 - INFO - The train loss is 0.266948. The valid loss is 0.273797.
2023-02-17 11:12:09,772 - INFO - Epoch 8/100
2023-02-17 11:12:13,888 - INFO - The train loss is 0.326026. The valid loss is 0.846196.
2023-02-17 11:12:13,888 - INFO - Epoch 9/100
2023-02-17 11:12:18,274 - INFO - The train loss is 0.574046. The valid loss is 0.852016.
2023-02-17 11:12:18,275 - INFO - Epoch 10/100
2023-02-17 11:12:23,470 - INFO - The train loss is 0.505362. The valid loss is 0.707791.
2023-02-17 11:12:23,470 - INFO - Epoch 11/100
2023-02-17 11:12:28,334 - INFO - The train loss is 0.425838. The valid loss is 0.534551.
2023-02-17 11:12:28,334 - INFO -  The training stops early in epoch 11
