2023-02-25 17:04:36,487 - INFO - 
Config:
'add_train': False
'batch_size': 16
'cudadevice': 'cuda:1'
'cur_time': '2023_02_25_17_04_35'
'data_selected': ['A1'
'B1'
'B590_1'
'B590_2'
'A26'
'B124']
'do_figure_save': True
'do_log_print_to_screen': True
'do_log_save_to_file': True
'do_predict': False
'do_predict_roll': False
'do_train': True
'do_train_visualized': False
'dropout_rate': 0.2
'dynamic_data_root': 'input/csv/dynamic'
'dynamic_length': 2
'embedding_size': 256
'epoch': 100
'feature_columns': [0, 1, 3]
'figure_save_path': 'result/figure/'
'hidden_size': 256
'humansize': 9
'input_size': 3
'label_columns': [3]
'label_in_feature_index': [2]
'learning_rate': 5e-05
'log_save_path': 'result/logs/2023_02_25_17_04_35_pytorch/'
'lstm_layers': 2
'model_name': '.pth'
'model_postfix': {'pytorch': '.pth'}
'model_save_path': 'result/model/'
'name': 'A1,B1,B590_1,B590_2,A26,B124_Attention_hc_True_RMLSE_learnWeight16_ds_fusion53'
'naturesize': 4
'only_dynamic': 0
'only_static_concat_dynamic': 0
'only_static_plus_dynamic': 0
'output_size': 1
'patience': 10
'predict_day': 3
'random_seed': 42
'roll_predict_day': 125
'shuffle_train_data': False
'static_data_path': 'input/csv/static/All_static.csv'
'static_human_column': [4, 5, 6, 7, 8, 9, 10, 11, 12]
'static_nature_column': [0, 1, 2, 3]
'time_step': 5
'train_data_rate': 0.95
'train_name': 'A1,B1,B590_1,B590_2,A26,B124'
'traindata': 'traindata'
'ttotrain': 1
'use_attention': True
'use_cuda': True
'use_static_embedding': True
'used_frame': 'pytorch'
'val_name': 'C1'
'valid_data_rate': 0.15
2023-02-25 17:04:39,169 - INFO - Epoch 0/100
2023-02-25 17:05:11,336 - INFO - The train loss is 0.750915. The valid loss is 1.363007.
2023-02-25 17:05:11,356 - INFO - Epoch 1/100
2023-02-25 17:05:38,833 - INFO - The train loss is 1.261616. The valid loss is 1.276652.
2023-02-25 17:05:39,032 - INFO - Epoch 2/100
2023-02-25 17:06:06,777 - INFO - The train loss is 1.060137. The valid loss is 0.983045.
2023-02-25 17:06:06,801 - INFO - Epoch 3/100
2023-02-25 17:06:36,656 - INFO - The train loss is 0.795423. The valid loss is 0.546776.
2023-02-25 17:06:36,680 - INFO - Epoch 4/100
2023-02-25 17:07:04,799 - INFO - The train loss is 0.513122. The valid loss is 0.480680.
2023-02-25 17:07:04,823 - INFO - Epoch 5/100
2023-02-25 17:07:30,272 - INFO - The train loss is 0.447987. The valid loss is 0.422996.
2023-02-25 17:07:30,296 - INFO - Epoch 6/100
2023-02-25 17:07:55,703 - INFO - The train loss is 0.398546. The valid loss is 0.382513.
2023-02-25 17:07:55,727 - INFO - Epoch 7/100
2023-02-25 17:08:21,119 - INFO - The train loss is 0.363304. The valid loss is 0.356585.
2023-02-25 17:08:21,143 - INFO - Epoch 8/100
2023-02-25 17:08:46,486 - INFO - The train loss is 0.338583. The valid loss is 0.338082.
2023-02-25 17:08:46,510 - INFO - Epoch 9/100
2023-02-25 17:09:11,809 - INFO - The train loss is 0.581601. The valid loss is 0.746859.
2023-02-25 17:09:11,809 - INFO - Epoch 10/100
2023-02-25 17:09:38,539 - INFO - The train loss is 0.582243. The valid loss is 0.551258.
2023-02-25 17:09:38,540 - INFO - Epoch 11/100
2023-02-25 17:10:03,890 - INFO - The train loss is 0.442505. The valid loss is 0.432856.
2023-02-25 17:10:03,890 - INFO - Epoch 12/100
2023-02-25 17:10:29,333 - INFO - The train loss is 0.381182. The valid loss is 0.367747.
2023-02-25 17:10:29,334 - INFO - Epoch 13/100
2023-02-25 17:10:54,746 - INFO - The train loss is 0.336901. The valid loss is 0.335357.
2023-02-25 17:10:54,770 - INFO - Epoch 14/100
2023-02-25 17:11:20,136 - INFO - The train loss is 0.328845. The valid loss is 0.320545.
2023-02-25 17:11:20,161 - INFO - Epoch 15/100
2023-02-25 17:11:45,515 - INFO - The train loss is 0.357080. The valid loss is 0.339420.
2023-02-25 17:11:45,515 - INFO - Epoch 16/100
2023-02-25 17:12:10,859 - INFO - The train loss is 0.352902. The valid loss is 0.518208.
2023-02-25 17:12:10,860 - INFO - Epoch 17/100
2023-02-25 17:12:36,226 - INFO - The train loss is 0.491314. The valid loss is 0.438763.
2023-02-25 17:12:36,226 - INFO - Epoch 18/100
2023-02-25 17:13:01,582 - INFO - The train loss is 0.478785. The valid loss is 0.856078.
2023-02-25 17:13:01,583 - INFO - Epoch 19/100
2023-02-25 17:13:27,357 - INFO - The train loss is 0.711690. The valid loss is 0.778198.
2023-02-25 17:13:27,358 - INFO - Epoch 20/100
2023-02-25 17:13:52,716 - INFO - The train loss is 0.631298. The valid loss is 0.671417.
2023-02-25 17:13:52,716 - INFO - Epoch 21/100
2023-02-25 17:14:18,093 - INFO - The train loss is 0.535486. The valid loss is 0.559506.
2023-02-25 17:14:18,093 - INFO - Epoch 22/100
2023-02-25 17:14:43,965 - INFO - The train loss is 0.445662. The valid loss is 0.419757.
2023-02-25 17:14:43,965 - INFO - Epoch 23/100
2023-02-25 17:15:09,345 - INFO - The train loss is 0.336533. The valid loss is 0.343624.
2023-02-25 17:15:09,346 - INFO - Epoch 24/100
2023-02-25 17:15:34,707 - INFO - The train loss is 0.301453. The valid loss is 0.330795.
2023-02-25 17:15:34,707 - INFO -  The training stops early in epoch 24
