2023-02-20 09:40:13,053 - INFO - 
Config:
'add_train': False
'batch_size': 16
'cudadevice': 'cuda:1'
'cur_time': '2023_02_20_09_40_12'
'data_selected': ['A1'
'C1']
'do_figure_save': True
'do_log_print_to_screen': True
'do_log_save_to_file': True
'do_predict': False
'do_predict_roll': False
'do_train': True
'do_train_visualized': False
'dropout_rate': 0.2
'dynamic_data_root': 'input/csv/dynamic'
'dynamic_length': 2
'embedding_size': 256
'epoch': 100
'feature_columns': [0, 1, 3]
'figure_save_path': 'result/figure/'
'hidden_size': 256
'humansize': 9
'input_size': 3
'label_columns': [3]
'label_in_feature_index': [2]
'learning_rate': 5e-05
'log_save_path': 'result/logs/2023_02_20_09_40_12_pytorch/'
'lstm_layers': 2
'model_name': '.pth'
'model_postfix': {'pytorch': '.pth'}
'model_save_path': 'result/model/'
'name': 'A1,C1_Attention_hc_True_changeDe_RMLSE16_ds_fusion53'
'naturesize': 4
'only_dynamic': 0
'only_static_concat_dynamic': 0
'only_static_plus_dynamic': 0
'output_size': 1
'patience': 5
'predict_day': 3
'random_seed': 42
'roll_predict_day': 125
'shuffle_train_data': False
'static_data_path': 'input/csv/static/All_static.csv'
'static_human_column': [4, 5, 6, 7, 8, 9, 10, 11, 12]
'static_nature_column': [0, 1, 2, 3]
'time_step': 5
'train_data_rate': 0.95
'train_name': 'A1,C1'
'traindata': 'traindata'
'ttotrain': 1
'use_attention': True
'use_cuda': True
'use_static_embedding': True
'used_frame': 'pytorch'
'val_name': 'B1'
'valid_data_rate': 0.15
2023-02-20 09:40:15,916 - INFO - Epoch 0/100
2023-02-20 09:40:27,572 - INFO - The train loss is 0.598614. The valid loss is 0.493615.
2023-02-20 09:40:27,623 - INFO - Epoch 1/100
2023-02-20 09:40:37,068 - INFO - The train loss is 0.261427. The valid loss is 0.207588.
2023-02-20 09:40:37,093 - INFO - Epoch 2/100
2023-02-20 09:40:44,345 - INFO - The train loss is 0.201533. The valid loss is 0.149358.
2023-02-20 09:40:44,371 - INFO - Epoch 3/100
2023-02-20 09:40:51,529 - INFO - The train loss is 0.167140. The valid loss is 0.141776.
2023-02-20 09:40:51,555 - INFO - Epoch 4/100
2023-02-20 09:40:58,966 - INFO - The train loss is 0.142633. The valid loss is 0.132304.
2023-02-20 09:40:58,991 - INFO - Epoch 5/100
2023-02-20 09:41:06,140 - INFO - The train loss is 0.139403. The valid loss is 0.111576.
2023-02-20 09:41:06,166 - INFO - Epoch 6/100
2023-02-20 09:41:14,448 - INFO - The train loss is 0.128519. The valid loss is 0.106720.
2023-02-20 09:41:14,476 - INFO - Epoch 7/100
2023-02-20 09:41:24,017 - INFO - The train loss is 0.123492. The valid loss is 0.128470.
2023-02-20 09:41:24,017 - INFO - Epoch 8/100
2023-02-20 09:41:31,189 - INFO - The train loss is 0.120624. The valid loss is 0.105537.
2023-02-20 09:41:31,214 - INFO - Epoch 9/100
2023-02-20 09:41:38,976 - INFO - The train loss is 0.120674. The valid loss is 0.139216.
2023-02-20 09:41:38,977 - INFO - Epoch 10/100
2023-02-20 09:41:47,587 - INFO - The train loss is 0.116666. The valid loss is 0.105131.
2023-02-20 09:41:47,616 - INFO - Epoch 11/100
2023-02-20 09:41:56,327 - INFO - The train loss is 0.117335. The valid loss is 0.103483.
2023-02-20 09:41:56,369 - INFO - Epoch 12/100
2023-02-20 09:42:07,735 - INFO - The train loss is 0.114472. The valid loss is 0.136035.
2023-02-20 09:42:07,736 - INFO - Epoch 13/100
2023-02-20 09:42:16,624 - INFO - The train loss is 0.116800. The valid loss is 0.113333.
2023-02-20 09:42:16,624 - INFO - Epoch 14/100
2023-02-20 09:42:25,423 - INFO - The train loss is 0.114064. The valid loss is 0.119254.
2023-02-20 09:42:25,423 - INFO - Epoch 15/100
2023-02-20 09:42:34,518 - INFO - The train loss is 0.115301. The valid loss is 0.113504.
2023-02-20 09:42:34,518 - INFO - Epoch 16/100
2023-02-20 09:42:43,629 - INFO - The train loss is 0.116993. The valid loss is 0.114560.
2023-02-20 09:42:43,630 - INFO -  The training stops early in epoch 16
