2023-02-25 16:51:59,060 - INFO - 
Config:
'add_train': False
'batch_size': 16
'cudadevice': 'cuda:1'
'cur_time': '2023_02_25_16_51_58'
'data_selected': ['A1'
'B1'
'B124'
'B590_1'
'B590_2'
'A26']
'do_figure_save': True
'do_log_print_to_screen': True
'do_log_save_to_file': True
'do_predict': False
'do_predict_roll': False
'do_train': True
'do_train_visualized': False
'dropout_rate': 0.2
'dynamic_data_root': 'input/csv/dynamic'
'dynamic_length': 2
'embedding_size': 256
'epoch': 100
'feature_columns': [0, 1, 3]
'figure_save_path': 'result/figure/'
'hidden_size': 256
'humansize': 9
'input_size': 3
'label_columns': [3]
'label_in_feature_index': [2]
'learning_rate': 5e-05
'log_save_path': 'result/logs/2023_02_25_16_51_58_pytorch/'
'lstm_layers': 2
'model_name': '.pth'
'model_postfix': {'pytorch': '.pth'}
'model_save_path': 'result/model/'
'name': 'A1,B1,B124,B590_1,B590_2,A26_Attention_hc_True_RMLSE_learnWeight16_ds_fusion53'
'naturesize': 4
'only_dynamic': 0
'only_static_concat_dynamic': 0
'only_static_plus_dynamic': 0
'output_size': 1
'patience': 5
'predict_day': 3
'random_seed': 42
'roll_predict_day': 125
'shuffle_train_data': False
'static_data_path': 'input/csv/static/All_static.csv'
'static_human_column': [4, 5, 6, 7, 8, 9, 10, 11, 12]
'static_nature_column': [0, 1, 2, 3]
'time_step': 5
'train_data_rate': 0.95
'train_name': 'A1,B1,B124,B590_1,B590_2,A26'
'traindata': 'traindata'
'ttotrain': 1
'use_attention': True
'use_cuda': True
'use_static_embedding': True
'used_frame': 'pytorch'
'val_name': 'C1'
'valid_data_rate': 0.15
2023-02-25 16:52:01,769 - INFO - Epoch 0/100
2023-02-25 16:52:29,341 - INFO - The train loss is 0.579201. The valid loss is 0.473723.
2023-02-25 16:52:29,363 - INFO - Epoch 1/100
2023-02-25 16:52:54,490 - INFO - The train loss is 0.787845. The valid loss is 1.464557.
2023-02-25 16:52:54,491 - INFO - Epoch 2/100
2023-02-25 16:53:19,554 - INFO - The train loss is 1.167617. The valid loss is 1.178855.
2023-02-25 16:53:19,554 - INFO - Epoch 3/100
2023-02-25 16:53:44,756 - INFO - The train loss is 1.046985. The valid loss is 1.098439.
2023-02-25 16:53:44,756 - INFO - Epoch 4/100
2023-02-25 16:54:09,849 - INFO - The train loss is 0.878871. The valid loss is 0.896042.
2023-02-25 16:54:09,849 - INFO - Epoch 5/100
2023-02-25 16:54:36,141 - INFO - The train loss is 0.805270. The valid loss is 0.841295.
2023-02-25 16:54:36,141 - INFO -  The training stops early in epoch 5
