2023-02-16 21:44:04,023 - INFO - 
Config:
'add_train': False
'batch_size': 16
'cudadevice': 'cuda:1'
'cur_time': '2023_02_16_21_43_56'
'data_selected': ['All']
'do_figure_save': True
'do_log_print_to_screen': True
'do_log_save_to_file': True
'do_predict': False
'do_predict_roll': False
'do_train': True
'do_train_visualized': False
'dropout_rate': 0.2
'dynamic_data_root': 'input/csv/dynamic'
'dynamic_length': 2
'embedding_size': 256
'epoch': 100
'feature_columns': [0, 1, 3]
'figure_save_path': 'result/figure/'
'hidden_size': 256
'humansize': 9
'input_size': 3
'label_columns': [3]
'label_in_feature_index': [2]
'learning_rate': 5e-05
'log_save_path': 'result/logs/2023_02_16_21_43_56_pytorch/'
'lstm_layers': 2
'model_name': '.pth'
'model_postfix': {'pytorch': '.pth'}
'model_save_path': 'result/model/'
'name': 'All_Attention_hc_True_changeDe_RMLSE16_ds_fusion53'
'naturesize': 4
'only_dynamic': 0
'only_static_concat_dynamic': 0
'only_static_plus_dynamic': 0
'output_size': 1
'patience': 5
'predict_day': 3
'random_seed': 42
'roll_predict_day': 125
'shuffle_train_data': False
'static_data_path': 'input/csv/static/All_static.csv'
'static_human_column': [4, 5, 6, 7, 8, 9, 10, 11, 12]
'static_nature_column': [0, 1, 2, 3]
'time_step': 5
'train_data_rate': 0.95
'train_name': 'All'
'traindata': 'traindata'
'ttotrain': 1
'use_attention': True
'use_cuda': True
'use_static_embedding': True
'used_frame': 'pytorch'
'val_name': 'C1'
'valid_data_rate': 0.15
2023-02-16 21:44:04,090 - ERROR - Run Error
Traceback (most recent call last):
  File "/data/zhangyisi/ShaleOil_latest/full_system.py", line 608, in main
    data_gainer = Data(config)
  File "/data/zhangyisi/ShaleOil_latest/full_system.py", line 78, in __init__
    self.full_static_data_path = self.normalize(config.static_data_path) #归一化静态数据，并获得静态数据地址用于自动选择
  File "/data/zhangyisi/ShaleOil_latest/full_system.py", line 113, in normalize
    feature = np.array(Data[:,:-1],dtype=float)
ValueError: could not convert string to float: 'D1'
